2018-11-08 17:45:10,328  INFO [main] - Events.FirstEvent.getFirstEvent 41 - Print --> Good day, World!
2018-11-08 17:45:10,330  INFO [main] - Main.Main.main 38 - Print day message
2018-11-08 17:50:43,462  INFO [main] - Events.FirstEvent.getFirstEvent 47 - Print --> Good night, World!
2018-11-08 17:50:57,314  INFO [main] - Events.FirstEvent.getFirstEvent 38 - Print --> Good morning , World !
2018-11-08 17:50:59,965  INFO [main] - Events.FirstEvent.getFirstEvent 38 - Print --> Good morning , World !
2018-11-08 17:51:02,758  INFO [main] - Events.FirstEvent.getFirstEvent 38 - Print --> Good morning , World !
2018-11-08 17:51:13,317  INFO [main] - Events.FirstEvent.getFirstEvent 38 - Print --> Good morning , World !
2018-11-08 17:51:13,321  INFO [main] - Events.FirstEvent.getFirstEvent 38 - Print --> Good morning , World !
2018-11-08 17:51:13,321  INFO [main] - Events.FirstEvent.getFirstEvent 41 - Print --> Good day, World!
2018-11-08 17:51:13,322  INFO [main] - Events.FirstEvent.getFirstEvent 41 - Print --> Good day, World!
2018-11-08 17:51:13,323  INFO [main] - Events.FirstEvent.getFirstEvent 47 - Print --> Good night, World!
2018-11-08 17:51:13,323  INFO [main] - Events.FirstEvent.getFirstEvent 47 - Print --> Good night, World!
2018-11-08 17:51:13,324  INFO [main] - Events.FirstEvent.getFirstEvent 44 - Print --> Good evening, World!
2018-11-08 17:51:13,325  INFO [main] - Events.FirstEvent.getFirstEvent 38 - Print --> Good morning , World !
2018-11-08 17:51:13,325  INFO [main] - Events.FirstEvent.getFirstEvent 41 - Print --> Good day, World!
2018-11-08 17:51:13,326  INFO [main] - Events.FirstEvent.getFirstEvent 44 - Print --> Good evening, World!
2018-11-08 17:51:13,326  INFO [main] - Events.FirstEvent.getFirstEvent 44 - Print --> Good evening, World!
2018-11-08 17:51:13,327  INFO [main] - Events.FirstEvent.getFirstEvent 44 - Print --> Good evening, World!
2018-11-08 17:51:13,328  INFO [main] - Events.FirstEvent.getFirstEvent 41 - Print --> Good day, World!
2018-11-08 17:51:13,328  INFO [main] - Events.FirstEvent.getFirstEvent 41 - Print --> Good day, World!
2018-11-08 17:51:13,329  INFO [main] - Events.FirstEvent.getFirstEvent 38 - Print --> Good morning , World !
2018-11-08 17:51:13,330  INFO [main] - Events.FirstEvent.getFirstEvent 47 - Print --> Good night, World!
2018-11-08 17:51:13,332  INFO [main] - Events.FirstEvent.getFirstEvent 47 - Print --> Good night, World!
2018-11-08 17:51:33,136  INFO [main] - Events.FirstEvent.getFirstEvent 38 - Print --> Good morning , World !
2018-11-08 17:51:39,980  INFO [main] - Events.FirstEvent.getFirstEvent 38 - Print --> Good morning , World !
2018-11-08 17:51:39,983  INFO [main] - Events.FirstEvent.getFirstEvent 38 - Print --> Good morning , World !
2018-11-08 17:51:39,984  INFO [main] - Events.FirstEvent.getFirstEvent 41 - Print --> Good day, World!
2018-11-08 17:51:39,984  INFO [main] - Events.FirstEvent.getFirstEvent 41 - Print --> Good day, World!
2018-11-08 17:51:39,985  INFO [main] - Events.FirstEvent.getFirstEvent 47 - Print --> Good night, World!
2018-11-08 17:51:39,986  INFO [main] - Events.FirstEvent.getFirstEvent 47 - Print --> Good night, World!
2018-11-08 17:51:39,986  INFO [main] - Events.FirstEvent.getFirstEvent 44 - Print --> Good evening, World!
2018-11-08 17:51:39,987  INFO [main] - Events.FirstEvent.getFirstEvent 38 - Print --> Good morning , World !
2018-11-08 17:51:39,988  INFO [main] - Events.FirstEvent.getFirstEvent 41 - Print --> Good day, World!
2018-11-08 17:51:39,988  INFO [main] - Events.FirstEvent.getFirstEvent 44 - Print --> Good evening, World!
2018-11-08 17:51:39,989  INFO [main] - Events.FirstEvent.getFirstEvent 44 - Print --> Good evening, World!
2018-11-08 17:51:39,989  INFO [main] - Events.FirstEvent.getFirstEvent 44 - Print --> Good evening, World!
2018-11-08 17:51:39,990  INFO [main] - Events.FirstEvent.getFirstEvent 41 - Print --> Good day, World!
2018-11-08 17:51:39,990  INFO [main] - Events.FirstEvent.getFirstEvent 41 - Print --> Good day, World!
2018-11-08 17:51:39,991  INFO [main] - Events.FirstEvent.getFirstEvent 38 - Print --> Good morning , World !
2018-11-08 17:51:39,992  INFO [main] - Events.FirstEvent.getFirstEvent 47 - Print --> Good night, World!
2018-11-08 17:51:39,994  INFO [main] - Events.FirstEvent.getFirstEvent 47 - Print --> Good night, World!
2018-11-08 17:54:22,648  INFO [main] - Events.FirstEvent.getFirstEvent 38 - Print --> Good morning , World !
2018-11-08 17:54:26,152  INFO [main] - Events.FirstEvent.getFirstEvent 38 - Print --> Good morning , World !
2018-11-08 17:54:38,702  INFO [main] - Events.FirstEvent.getFirstEvent 38 - Print --> Good morning , World !
2018-11-08 17:54:43,318  INFO [main] - Events.FirstEvent.getFirstEvent 38 - Print --> Good morning , World !
2018-11-08 17:54:43,321  INFO [main] - Events.FirstEvent.getFirstEvent 38 - Print --> Good morning , World !
2018-11-08 17:54:43,322  INFO [main] - Events.FirstEvent.getFirstEvent 41 - Print --> Good day, World!
2018-11-08 17:54:43,323  INFO [main] - Events.FirstEvent.getFirstEvent 41 - Print --> Good day, World!
2018-11-08 17:54:43,323  INFO [main] - Events.FirstEvent.getFirstEvent 47 - Print --> Good night, World!
2018-11-08 17:54:43,324  INFO [main] - Events.FirstEvent.getFirstEvent 47 - Print --> Good night, World!
2018-11-08 17:54:43,325  INFO [main] - Events.FirstEvent.getFirstEvent 44 - Print --> Good evening, World!
2018-11-08 17:54:43,325  INFO [main] - Events.FirstEvent.getFirstEvent 38 - Print --> Good morning , World !
2018-11-08 17:54:43,326  INFO [main] - Events.FirstEvent.getFirstEvent 41 - Print --> Good day, World!
2018-11-08 17:54:43,326  INFO [main] - Events.FirstEvent.getFirstEvent 44 - Print --> Good evening, World!
2018-11-08 17:54:43,327  INFO [main] - Events.FirstEvent.getFirstEvent 44 - Print --> Good evening, World!
2018-11-08 17:54:43,328  INFO [main] - Events.FirstEvent.getFirstEvent 44 - Print --> Good evening, World!
2018-11-08 17:54:43,328  INFO [main] - Events.FirstEvent.getFirstEvent 41 - Print --> Good day, World!
2018-11-08 17:54:43,329  INFO [main] - Events.FirstEvent.getFirstEvent 41 - Print --> Good day, World!
2018-11-08 17:54:43,329  INFO [main] - Events.FirstEvent.getFirstEvent 38 - Print --> Good morning , World !
2018-11-08 17:54:43,330  INFO [main] - Events.FirstEvent.getFirstEvent 47 - Print --> Good night, World!
2018-11-08 17:54:43,332  INFO [main] - Events.FirstEvent.getFirstEvent 47 - Print --> Good night, World!
2018-11-08 17:55:03,339  INFO [main] - Events.FirstEvent.getFirstEvent 38 - Print --> Good morning , World !
2018-11-08 17:55:03,343  INFO [main] - Events.FirstEvent.getFirstEvent 38 - Print --> Good morning , World !
2018-11-08 17:55:03,343  INFO [main] - Events.FirstEvent.getFirstEvent 41 - Print --> Good day, World!
2018-11-08 17:55:03,344  INFO [main] - Events.FirstEvent.getFirstEvent 41 - Print --> Good day, World!
2018-11-08 17:55:03,345  INFO [main] - Events.FirstEvent.getFirstEvent 47 - Print --> Good night, World!
2018-11-08 17:55:03,345  INFO [main] - Events.FirstEvent.getFirstEvent 47 - Print --> Good night, World!
2018-11-08 17:55:03,346  INFO [main] - Events.FirstEvent.getFirstEvent 44 - Print --> Good evening, World!
2018-11-08 17:55:03,347  INFO [main] - Events.FirstEvent.getFirstEvent 38 - Print --> Good morning , World !
2018-11-08 17:55:03,347  INFO [main] - Events.FirstEvent.getFirstEvent 41 - Print --> Good day, World!
2018-11-08 17:55:03,348  INFO [main] - Events.FirstEvent.getFirstEvent 44 - Print --> Good evening, World!
2018-11-08 17:55:03,349  INFO [main] - Events.FirstEvent.getFirstEvent 44 - Print --> Good evening, World!
2018-11-08 17:55:03,349  INFO [main] - Events.FirstEvent.getFirstEvent 44 - Print --> Good evening, World!
2018-11-08 17:55:03,350  INFO [main] - Events.FirstEvent.getFirstEvent 41 - Print --> Good day, World!
2018-11-08 17:55:03,350  INFO [main] - Events.FirstEvent.getFirstEvent 41 - Print --> Good day, World!
2018-11-08 17:55:03,351  INFO [main] - Events.FirstEvent.getFirstEvent 38 - Print --> Good morning , World !
2018-11-08 17:55:03,352  INFO [main] - Events.FirstEvent.getFirstEvent 47 - Print --> Good night, World!
2018-11-08 17:55:03,353  INFO [main] - Events.FirstEvent.getFirstEvent 47 - Print --> Good night, World!
2018-11-08 18:00:12,793  INFO [main] - Events.FirstEvent.getFirstEvent 38 - Print --> Good morning , World !
2018-11-08 18:00:12,796  INFO [main] - Events.FirstEvent.getFirstEvent 38 - Print --> Good morning , World !
2018-11-08 18:00:12,796  INFO [main] - Events.FirstEvent.getFirstEvent 41 - Print --> Good day, World!
2018-11-08 18:00:12,797  INFO [main] - Events.FirstEvent.getFirstEvent 41 - Print --> Good day, World!
2018-11-08 18:00:12,797  INFO [main] - Events.FirstEvent.getFirstEvent 47 - Print --> Good night, World!
2018-11-08 18:00:12,798  INFO [main] - Events.FirstEvent.getFirstEvent 47 - Print --> Good night, World!
2018-11-08 18:00:12,799  INFO [main] - Events.FirstEvent.getFirstEvent 44 - Print --> Good evening, World!
2018-11-08 18:00:12,799  INFO [main] - Events.FirstEvent.getFirstEvent 38 - Print --> Good morning , World !
2018-11-08 18:00:12,800  INFO [main] - Events.FirstEvent.getFirstEvent 41 - Print --> Good day, World!
2018-11-08 18:00:12,800  INFO [main] - Events.FirstEvent.getFirstEvent 44 - Print --> Good evening, World!
2018-11-08 18:00:12,801  INFO [main] - Events.FirstEvent.getFirstEvent 44 - Print --> Good evening, World!
2018-11-08 18:00:12,802  INFO [main] - Events.FirstEvent.getFirstEvent 44 - Print --> Good evening, World!
2018-11-08 18:00:12,802  INFO [main] - Events.FirstEvent.getFirstEvent 41 - Print --> Good day, World!
2018-11-08 18:00:12,803  INFO [main] - Events.FirstEvent.getFirstEvent 41 - Print --> Good day, World!
2018-11-08 18:00:12,804  INFO [main] - Events.FirstEvent.getFirstEvent 38 - Print --> Good morning , World !
2018-11-08 18:00:12,804  INFO [main] - Events.FirstEvent.getFirstEvent 47 - Print --> Good night, World!
2018-11-08 18:00:12,806  INFO [main] - Events.FirstEvent.getFirstEvent 47 - Print --> Good night, World!
2018-11-08 18:00:28,970  INFO [main] - Events.FirstEvent.getFirstEvent 47 - Print --> Good night, World!
2018-11-08 18:00:33,567  INFO [main] - Events.FirstEvent.getFirstEvent 47 - Print --> Good night, World!
2018-11-08 18:00:36,917  INFO [main] - Events.FirstEvent.getFirstEvent 47 - Print --> Good night, World!
2018-11-08 18:04:39,254  INFO [main] - Events.FirstEvent.getFirstEvent 47 - Print --> Good night, World!
2018-11-08 18:05:02,009  INFO [main] - Events.FirstEvent.getFirstEvent 47 - Print --> Good night, World!
2018-11-08 18:05:34,414  INFO [main] - Events.FirstEvent.getFirstEvent 47 - Print --> Good night, World!
2018-11-08 18:05:36,173  INFO [main] - Events.FirstEvent.getFirstEvent 47 - Print --> Good night, World!
2018-11-08 18:05:39,382  INFO [main] - Events.FirstEvent.getFirstEvent 47 - Print --> Good night, World!
2018-11-08 18:06:16,711  INFO [main] - Events.FirstEvent.getFirstEvent 47 - Print --> Good night, World!
2018-11-08 18:31:57,040  INFO [main] - Events.FirstEvent.getFirstEvent 38 - Print --> Good morning , World !
2018-11-08 18:31:57,053  INFO [main] - Events.FirstEvent.getFirstEvent 38 - Print --> Good morning , World !
2018-11-08 18:31:57,054  INFO [main] - Events.FirstEvent.getFirstEvent 41 - Print --> Good day, World!
2018-11-08 18:31:57,054  INFO [main] - Events.FirstEvent.getFirstEvent 41 - Print --> Good day, World!
2018-11-08 18:31:57,055  INFO [main] - Events.FirstEvent.getFirstEvent 47 - Print --> Good night, World!
2018-11-08 18:31:57,056  INFO [main] - Events.FirstEvent.getFirstEvent 47 - Print --> Good night, World!
2018-11-08 18:31:57,056  INFO [main] - Events.FirstEvent.getFirstEvent 38 - Print --> Good morning , World !
2018-11-08 18:31:57,057  INFO [main] - Events.FirstEvent.getFirstEvent 38 - Print --> Good morning , World !
2018-11-08 18:31:57,057  INFO [main] - Events.FirstEvent.getFirstEvent 41 - Print --> Good day, World!
2018-11-08 18:31:57,058  INFO [main] - Events.FirstEvent.getFirstEvent 41 - Print --> Good day, World!
2018-11-08 18:31:57,059  INFO [main] - Events.FirstEvent.getFirstEvent 44 - Print --> Good evening, World!
2018-11-08 18:31:57,059  INFO [main] - Events.FirstEvent.getFirstEvent 44 - Print --> Good evening, World!
2018-11-08 18:31:57,060  INFO [main] - Events.FirstEvent.getFirstEvent 44 - Print --> Good evening, World!
2018-11-08 18:31:57,061  INFO [main] - Events.FirstEvent.getFirstEvent 44 - Print --> Good evening, World!
2018-11-08 18:31:57,061  INFO [main] - Events.FirstEvent.getFirstEvent 41 - Print --> Good day, World!
2018-11-08 18:31:57,062  INFO [main] - Events.FirstEvent.getFirstEvent 47 - Print --> Good night, World!
2018-11-08 18:31:57,064  INFO [main] - Events.FirstEvent.getFirstEvent 47 - Print --> Good night, World!
2018-11-08 19:47:25,686  INFO [main] - Events.FirstEvent.getFirstEvent 38 - Print --> Good morning , World !
2018-11-08 19:47:25,701  INFO [main] - Events.FirstEvent.getFirstEvent 38 - Print --> Good morning , World !
2018-11-08 19:47:25,702  INFO [main] - Events.FirstEvent.getFirstEvent 41 - Print --> Good day, World!
2018-11-08 19:47:25,703  INFO [main] - Events.FirstEvent.getFirstEvent 41 - Print --> Good day, World!
2018-11-08 19:47:25,703  INFO [main] - Events.FirstEvent.getFirstEvent 47 - Print --> Good night, World!
2018-11-08 19:47:25,704  INFO [main] - Events.FirstEvent.getFirstEvent 47 - Print --> Good night, World!
2018-11-08 19:47:25,705  INFO [main] - Events.FirstEvent.getFirstEvent 38 - Print --> Good morning , World !
2018-11-08 19:47:25,705  INFO [main] - Events.FirstEvent.getFirstEvent 38 - Print --> Good morning , World !
2018-11-08 19:47:25,706  INFO [main] - Events.FirstEvent.getFirstEvent 41 - Print --> Good day, World!
2018-11-08 19:47:25,707  INFO [main] - Events.FirstEvent.getFirstEvent 41 - Print --> Good day, World!
2018-11-08 19:47:25,707  INFO [main] - Events.FirstEvent.getFirstEvent 44 - Print --> Good evening, World!
2018-11-08 19:47:25,708  INFO [main] - Events.FirstEvent.getFirstEvent 44 - Print --> Good evening, World!
2018-11-08 19:47:25,708  INFO [main] - Events.FirstEvent.getFirstEvent 44 - Print --> Good evening, World!
2018-11-08 19:47:25,709  INFO [main] - Events.FirstEvent.getFirstEvent 44 - Print --> Good evening, World!
2018-11-08 19:47:25,709  INFO [main] - Events.FirstEvent.getFirstEvent 44 - Print --> Good evening, World!
2018-11-08 19:47:25,710  INFO [main] - Events.FirstEvent.getFirstEvent 47 - Print --> Good night, World!
2018-11-08 19:47:25,712  INFO [main] - Events.FirstEvent.getFirstEvent 47 - Print --> Good night, World!
2018-11-08 19:47:55,316  INFO [main] - Events.FirstEvent.getFirstEvent 38 - Print --> Good morning , World !
2018-11-08 19:47:55,320  INFO [main] - Events.FirstEvent.getFirstEvent 38 - Print --> Good morning , World !
2018-11-08 19:47:55,320  INFO [main] - Events.FirstEvent.getFirstEvent 41 - Print --> Good day, World!
2018-11-08 19:47:55,321  INFO [main] - Events.FirstEvent.getFirstEvent 41 - Print --> Good day, World!
2018-11-08 19:47:55,321  INFO [main] - Events.FirstEvent.getFirstEvent 47 - Print --> Good night, World!
2018-11-08 19:47:55,322  INFO [main] - Events.FirstEvent.getFirstEvent 47 - Print --> Good night, World!
2018-11-08 19:47:55,323  INFO [main] - Events.FirstEvent.getFirstEvent 38 - Print --> Good morning , World !
2018-11-08 19:47:55,323  INFO [main] - Events.FirstEvent.getFirstEvent 38 - Print --> Good morning , World !
2018-11-08 19:47:55,324  INFO [main] - Events.FirstEvent.getFirstEvent 41 - Print --> Good day, World!
2018-11-08 19:47:55,324  INFO [main] - Events.FirstEvent.getFirstEvent 41 - Print --> Good day, World!
2018-11-08 19:47:55,325  INFO [main] - Events.FirstEvent.getFirstEvent 44 - Print --> Good evening, World!
2018-11-08 19:47:55,325  INFO [main] - Events.FirstEvent.getFirstEvent 44 - Print --> Good evening, World!
2018-11-08 19:47:55,326  INFO [main] - Events.FirstEvent.getFirstEvent 44 - Print --> Good evening, World!
2018-11-08 19:47:55,327  INFO [main] - Events.FirstEvent.getFirstEvent 44 - Print --> Good evening, World!
2018-11-08 19:47:55,327  INFO [main] - Events.FirstEvent.getFirstEvent 44 - Print --> Good evening, World!
2018-11-08 19:47:55,328  INFO [main] - Events.FirstEvent.getFirstEvent 47 - Print --> Good night, World!
2018-11-08 19:47:55,330  INFO [main] - Events.FirstEvent.getFirstEvent 47 - Print --> Good night, World!
